<?xml version="1.0" encoding="UTF-8"?>
<coverage generated="1497592142">
  <project timestamp="1497592142">
    <package name="Pterodactyl\Console\Commands">
      <file name="/var/www/pterodactyl.app/app/Console/Commands/AddLocation.php">
        <class name="AddLocation" namespace="Pterodactyl\Console\Commands">
          <metrics complexity="4" methods="2" coveredmethods="0" conditionals="0" coveredconditionals="0" statements="8" coveredstatements="0" elements="10" coveredelements="0"/>
        </class>
        <line num="55" type="method" name="__construct" visibility="public" complexity="1" crap="2" count="0"/>
        <line num="57" type="stmt" count="0"/>
        <line num="58" type="stmt" count="0"/>
        <line num="65" type="method" name="handle" visibility="public" complexity="3" crap="12" count="0"/>
        <line num="67" type="stmt" count="0"/>
        <line num="68" type="stmt" count="0"/>
        <line num="70" type="stmt" count="0"/>
        <line num="71" type="stmt" count="0"/>
        <line num="73" type="stmt" count="0"/>
        <line num="74" type="stmt" count="0"/>
        <metrics loc="75" ncloc="33" classes="1" methods="2" coveredmethods="0" conditionals="0" coveredconditionals="0" statements="8" coveredstatements="0" elements="10" coveredelements="0"/>
      </file>
      <file name="/var/www/pterodactyl.app/app/Console/Commands/AddNode.php">
        <class name="AddNode" namespace="Pterodactyl\Console\Commands">
          <metrics complexity="12" methods="2" coveredmethods="0" conditionals="0" coveredconditionals="0" statements="27" coveredstatements="0" elements="29" coveredelements="0"/>
        </class>
        <line num="63" type="method" name="__construct" visibility="public" complexity="1" crap="2" count="0"/>
        <line num="65" type="stmt" count="0"/>
        <line num="66" type="stmt" count="0"/>
        <line num="73" type="method" name="handle" visibility="public" complexity="11" crap="132" count="0"/>
        <line num="75" type="stmt" count="0"/>
        <line num="77" type="stmt" count="0"/>
        <line num="79" type="stmt" count="0"/>
        <line num="80" type="stmt" count="0"/>
        <line num="81" type="stmt" count="0"/>
        <line num="83" type="stmt" count="0"/>
        <line num="86" type="stmt" count="0"/>
        <line num="88" type="stmt" count="0"/>
        <line num="89" type="stmt" count="0"/>
        <line num="90" type="stmt" count="0"/>
        <line num="92" type="stmt" count="0"/>
        <line num="95" type="stmt" count="0"/>
        <line num="97" type="stmt" count="0"/>
        <line num="98" type="stmt" count="0"/>
        <line num="99" type="stmt" count="0"/>
        <line num="100" type="stmt" count="0"/>
        <line num="101" type="stmt" count="0"/>
        <line num="102" type="stmt" count="0"/>
        <line num="103" type="stmt" count="0"/>
        <line num="104" type="stmt" count="0"/>
        <line num="105" type="stmt" count="0"/>
        <line num="107" type="stmt" count="0"/>
        <line num="108" type="stmt" count="0"/>
        <line num="110" type="stmt" count="0"/>
        <line num="111" type="stmt" count="0"/>
        <metrics loc="112" ncloc="70" classes="1" methods="2" coveredmethods="0" conditionals="0" coveredconditionals="0" statements="27" coveredstatements="0" elements="29" coveredelements="0"/>
      </file>
      <file name="/var/www/pterodactyl.app/app/Console/Commands/CleanServiceBackup.php">
        <class name="CleanServiceBackup" namespace="Pterodactyl\Console\Commands">
          <metrics complexity="4" methods="2" coveredmethods="0" conditionals="0" coveredconditionals="0" statements="9" coveredstatements="0" elements="11" coveredelements="0"/>
        </class>
        <line num="52" type="method" name="__construct" visibility="public" complexity="1" crap="2" count="0"/>
        <line num="54" type="stmt" count="0"/>
        <line num="55" type="stmt" count="0"/>
        <line num="62" type="method" name="handle" visibility="public" complexity="3" crap="12" count="0"/>
        <line num="64" type="stmt" count="0"/>
        <line num="66" type="stmt" count="0"/>
        <line num="67" type="stmt" count="0"/>
        <line num="68" type="stmt" count="0"/>
        <line num="69" type="stmt" count="0"/>
        <line num="70" type="stmt" count="0"/>
        <line num="73" type="stmt" count="0"/>
        <metrics loc="74" ncloc="32" classes="1" methods="2" coveredmethods="0" conditionals="0" coveredconditionals="0" statements="9" coveredstatements="0" elements="11" coveredelements="0"/>
      </file>
      <file name="/var/www/pterodactyl.app/app/Console/Commands/ClearServices.php">
        <class name="ClearServices" namespace="Pterodactyl\Console\Commands">
          <metrics complexity="4" methods="2" coveredmethods="0" conditionals="0" coveredconditionals="0" statements="19" coveredstatements="0" elements="21" coveredelements="0"/>
        </class>
        <line num="51" type="method" name="__construct" visibility="public" complexity="1" crap="2" count="0"/>
        <line num="53" type="stmt" count="0"/>
        <line num="54" type="stmt" count="0"/>
        <line num="61" type="method" name="handle" visibility="public" complexity="3" crap="12" count="0"/>
        <line num="63" type="stmt" count="0"/>
        <line num="64" type="stmt" count="0"/>
        <line num="65" type="stmt" count="0"/>
        <line num="68" type="stmt" count="0"/>
        <line num="69" type="stmt" count="0"/>
        <line num="72" type="stmt" count="0"/>
        <line num="73" type="stmt" count="0"/>
        <line num="75" type="stmt" count="0"/>
        <line num="76" type="stmt" count="0"/>
        <line num="78" type="stmt" count="0"/>
        <line num="79" type="stmt" count="0"/>
        <line num="81" type="stmt" count="0"/>
        <line num="82" type="stmt" count="0"/>
        <line num="83" type="stmt" count="0"/>
        <line num="86" type="stmt" count="0"/>
        <line num="87" type="stmt" count="0"/>
        <line num="88" type="stmt" count="0"/>
        <metrics loc="89" ncloc="47" classes="1" methods="2" coveredmethods="0" conditionals="0" coveredconditionals="0" statements="19" coveredstatements="0" elements="21" coveredelements="0"/>
      </file>
      <file name="/var/www/pterodactyl.app/app/Console/Commands/ClearTasks.php">
        <class name="ClearTasks" namespace="Pterodactyl\Console\Commands">
          <metrics complexity="3" methods="2" coveredmethods="0" conditionals="0" coveredconditionals="0" statements="11" coveredstatements="0" elements="13" coveredelements="0"/>
        </class>
        <line num="55" type="method" name="__construct" visibility="public" complexity="1" crap="2" count="0"/>
        <line num="57" type="stmt" count="0"/>
        <line num="58" type="stmt" count="0"/>
        <line num="65" type="method" name="handle" visibility="public" complexity="2" crap="6" count="0"/>
        <line num="67" type="stmt" count="0"/>
        <line num="69" type="stmt" count="0"/>
        <line num="70" type="stmt" count="0"/>
        <line num="72" type="stmt" count="0"/>
        <line num="73" type="stmt" count="0"/>
        <line num="74" type="stmt" count="0"/>
        <line num="77" type="stmt" count="0"/>
        <line num="78" type="stmt" count="0"/>
        <line num="79" type="stmt" count="0"/>
        <metrics loc="80" ncloc="38" classes="1" methods="2" coveredmethods="0" conditionals="0" coveredconditionals="0" statements="11" coveredstatements="0" elements="13" coveredelements="0"/>
      </file>
      <file name="/var/www/pterodactyl.app/app/Console/Commands/Inspire.php">
        <class name="Inspire" namespace="Pterodactyl\Console\Commands">
          <metrics complexity="1" methods="1" coveredmethods="0" conditionals="0" coveredconditionals="0" statements="2" coveredstatements="0" elements="3" coveredelements="0"/>
        </class>
        <line num="29" type="method" name="handle" visibility="public" complexity="1" crap="2" count="0"/>
        <line num="31" type="stmt" count="0"/>
        <line num="32" type="stmt" count="0"/>
        <metrics loc="33" ncloc="18" classes="1" methods="1" coveredmethods="0" conditionals="0" coveredconditionals="0" statements="2" coveredstatements="0" elements="3" coveredelements="0"/>
      </file>
      <file name="/var/www/pterodactyl.app/app/Console/Commands/MakeUser.php">
        <class name="MakeUser" namespace="Pterodactyl\Console\Commands">
          <metrics complexity="11" methods="2" coveredmethods="0" conditionals="0" coveredconditionals="0" statements="16" coveredstatements="0" elements="18" coveredelements="0"/>
        </class>
        <line num="57" type="method" name="__construct" visibility="public" complexity="1" crap="2" count="0"/>
        <line num="59" type="stmt" count="0"/>
        <line num="60" type="stmt" count="0"/>
        <line num="67" type="method" name="handle" visibility="public" complexity="10" crap="110" count="0"/>
        <line num="69" type="stmt" count="0"/>
        <line num="70" type="stmt" count="0"/>
        <line num="71" type="stmt" count="0"/>
        <line num="72" type="stmt" count="0"/>
        <line num="73" type="stmt" count="0"/>
        <line num="74" type="stmt" count="0"/>
        <line num="76" type="stmt" count="0"/>
        <line num="77" type="stmt" count="0"/>
        <line num="80" type="stmt" count="0"/>
        <line num="83" type="stmt" count="0"/>
        <line num="84" type="stmt" count="0"/>
        <line num="86" type="stmt" count="0"/>
        <line num="87" type="stmt" count="0"/>
        <line num="88" type="stmt" count="0"/>
        <metrics loc="91" ncloc="49" classes="1" methods="2" coveredmethods="0" conditionals="0" coveredconditionals="0" statements="16" coveredstatements="0" elements="18" coveredelements="0"/>
      </file>
      <file name="/var/www/pterodactyl.app/app/Console/Commands/RebuildServer.php">
        <class name="RebuildServer" namespace="Pterodactyl\Console\Commands">
          <metrics complexity="12" methods="3" coveredmethods="0" conditionals="0" coveredconditionals="0" statements="46" coveredstatements="0" elements="49" coveredelements="0"/>
        </class>
        <line num="55" type="method" name="__construct" visibility="public" complexity="1" crap="2" count="0"/>
        <line num="57" type="stmt" count="0"/>
        <line num="58" type="stmt" count="0"/>
        <line num="65" type="method" name="handle" visibility="public" complexity="9" crap="90" count="0"/>
        <line num="67" type="stmt" count="0"/>
        <line num="68" type="stmt" count="0"/>
        <line num="69" type="stmt" count="0"/>
        <line num="70" type="stmt" count="0"/>
        <line num="71" type="stmt" count="0"/>
        <line num="72" type="stmt" count="0"/>
        <line num="74" type="stmt" count="0"/>
        <line num="76" type="stmt" count="0"/>
        <line num="79" type="stmt" count="0"/>
        <line num="81" type="stmt" count="0"/>
        <line num="82" type="stmt" count="0"/>
        <line num="83" type="stmt" count="0"/>
        <line num="84" type="stmt" count="0"/>
        <line num="87" type="stmt" count="0"/>
        <line num="90" type="stmt" count="0"/>
        <line num="91" type="stmt" count="0"/>
        <line num="93" type="stmt" count="0"/>
        <line num="95" type="stmt" count="0"/>
        <line num="96" type="stmt" count="0"/>
        <line num="97" type="stmt" count="0"/>
        <line num="98" type="stmt" count="0"/>
        <line num="99" type="stmt" count="0"/>
        <line num="101" type="stmt" count="0"/>
        <line num="102" type="stmt" count="0"/>
        <line num="105" type="stmt" count="0"/>
        <line num="106" type="stmt" count="0"/>
        <line num="107" type="stmt" count="0"/>
        <line num="112" type="stmt" count="0"/>
        <line num="113" type="stmt" count="0"/>
        <line num="114" type="stmt" count="0"/>
        <line num="116" type="stmt" count="0"/>
        <line num="120" type="stmt" count="0"/>
        <line num="121" type="stmt" count="0"/>
        <line num="122" type="stmt" count="0"/>
        <line num="123" type="stmt" count="0"/>
        <line num="125" type="stmt" count="0"/>
        <line num="126" type="stmt" count="0"/>
        <line num="132" type="stmt" count="0"/>
        <line num="135" type="stmt" count="0"/>
        <line num="136" type="stmt" count="0"/>
        <line num="138" type="stmt" count="0"/>
        <line num="139" type="method" name="anonymous function" complexity="2" crap="6" count="0"/>
        <line num="140" type="stmt" count="0"/>
        <line num="141" type="stmt" count="0"/>
        <line num="143" type="stmt" count="0"/>
        <line num="144" type="stmt" count="0"/>
        <line num="145" type="stmt" count="0"/>
        <metrics loc="146" ncloc="104" classes="1" methods="3" coveredmethods="0" conditionals="0" coveredconditionals="0" statements="48" coveredstatements="0" elements="51" coveredelements="0"/>
      </file>
      <file name="/var/www/pterodactyl.app/app/Console/Commands/RunTasks.php">
        <class name="RunTasks" namespace="Pterodactyl\Console\Commands">
          <metrics complexity="3" methods="2" coveredmethods="0" conditionals="0" coveredconditionals="0" statements="11" coveredstatements="0" elements="13" coveredelements="0"/>
        </class>
        <line num="56" type="method" name="__construct" visibility="public" complexity="1" crap="2" count="0"/>
        <line num="58" type="stmt" count="0"/>
        <line num="59" type="stmt" count="0"/>
        <line num="66" type="method" name="handle" visibility="public" complexity="2" crap="6" count="0"/>
        <line num="68" type="stmt" count="0"/>
        <line num="70" type="stmt" count="0"/>
        <line num="71" type="stmt" count="0"/>
        <line num="73" type="stmt" count="0"/>
        <line num="74" type="stmt" count="0"/>
        <line num="75" type="stmt" count="0"/>
        <line num="78" type="stmt" count="0"/>
        <line num="79" type="stmt" count="0"/>
        <line num="80" type="stmt" count="0"/>
        <metrics loc="81" ncloc="39" classes="1" methods="2" coveredmethods="0" conditionals="0" coveredconditionals="0" statements="11" coveredstatements="0" elements="13" coveredelements="0"/>
      </file>
      <file name="/var/www/pterodactyl.app/app/Console/Commands/ShowVersion.php">
        <class name="ShowVersion" namespace="Pterodactyl\Console\Commands">
          <metrics complexity="3" methods="2" coveredmethods="0" conditionals="0" coveredconditionals="0" statements="4" coveredstatements="0" elements="6" coveredelements="0"/>
        </class>
        <line num="51" type="method" name="__construct" visibility="public" complexity="1" crap="2" count="0"/>
        <line num="53" type="stmt" count="0"/>
        <line num="54" type="stmt" count="0"/>
        <line num="61" type="method" name="handle" visibility="public" complexity="2" crap="6" count="0"/>
        <line num="63" type="stmt" count="0"/>
        <line num="64" type="stmt" count="0"/>
        <metrics loc="65" ncloc="23" classes="1" methods="2" coveredmethods="0" conditionals="0" coveredconditionals="0" statements="4" coveredstatements="0" elements="6" coveredelements="0"/>
      </file>
      <file name="/var/www/pterodactyl.app/app/Console/Commands/UpdateEmailSettings.php">
        <class name="UpdateEmailSettings" namespace="Pterodactyl\Console\Commands">
          <metrics complexity="23" methods="2" coveredmethods="0" conditionals="0" coveredconditionals="0" statements="60" coveredstatements="0" elements="62" coveredelements="0"/>
        </class>
        <line num="57" type="method" name="__construct" visibility="public" complexity="1" crap="2" count="0"/>
        <line num="59" type="stmt" count="0"/>
        <line num="60" type="stmt" count="0"/>
        <line num="67" type="method" name="handle" visibility="public" complexity="22" crap="506" count="0"/>
        <line num="69" type="stmt" count="0"/>
        <line num="70" type="stmt" count="0"/>
        <line num="71" type="stmt" count="0"/>
        <line num="72" type="stmt" count="0"/>
        <line num="73" type="stmt" count="0"/>
        <line num="76" type="stmt" count="0"/>
        <line num="78" type="stmt" count="0"/>
        <line num="79" type="stmt" count="0"/>
        <line num="83" type="stmt" count="0"/>
        <line num="104" type="stmt" count="0"/>
        <line num="105" type="stmt" count="0"/>
        <line num="110" type="stmt" count="0"/>
        <line num="112" type="stmt" count="0"/>
        <line num="113" type="stmt" count="0"/>
        <line num="114" type="stmt" count="0"/>
        <line num="115" type="stmt" count="0"/>
        <line num="116" type="stmt" count="0"/>
        <line num="117" type="stmt" count="0"/>
        <line num="118" type="stmt" count="0"/>
        <line num="119" type="stmt" count="0"/>
        <line num="120" type="stmt" count="0"/>
        <line num="121" type="stmt" count="0"/>
        <line num="122" type="stmt" count="0"/>
        <line num="123" type="stmt" count="0"/>
        <line num="124" type="stmt" count="0"/>
        <line num="125" type="stmt" count="0"/>
        <line num="126" type="stmt" count="0"/>
        <line num="127" type="stmt" count="0"/>
        <line num="128" type="stmt" count="0"/>
        <line num="129" type="stmt" count="0"/>
        <line num="130" type="stmt" count="0"/>
        <line num="131" type="stmt" count="0"/>
        <line num="132" type="stmt" count="0"/>
        <line num="133" type="stmt" count="0"/>
        <line num="134" type="stmt" count="0"/>
        <line num="136" type="stmt" count="0"/>
        <line num="137" type="stmt" count="0"/>
        <line num="138" type="stmt" count="0"/>
        <line num="141" type="stmt" count="0"/>
        <line num="142" type="stmt" count="0"/>
        <line num="143" type="stmt" count="0"/>
        <line num="144" type="stmt" count="0"/>
        <line num="146" type="stmt" count="0"/>
        <line num="148" type="stmt" count="0"/>
        <line num="149" type="stmt" count="0"/>
        <line num="150" type="stmt" count="0"/>
        <line num="151" type="stmt" count="0"/>
        <line num="153" type="stmt" count="0"/>
        <line num="155" type="stmt" count="0"/>
        <line num="156" type="stmt" count="0"/>
        <line num="158" type="stmt" count="0"/>
        <line num="160" type="stmt" count="0"/>
        <line num="163" type="stmt" count="0"/>
        <line num="164" type="stmt" count="0"/>
        <line num="166" type="stmt" count="0"/>
        <line num="167" type="stmt" count="0"/>
        <line num="168" type="stmt" count="0"/>
        <line num="169" type="stmt" count="0"/>
        <metrics loc="170" ncloc="128" classes="1" methods="2" coveredmethods="0" conditionals="0" coveredconditionals="0" statements="60" coveredstatements="0" elements="62" coveredelements="0"/>
      </file>
      <file name="/var/www/pterodactyl.app/app/Console/Commands/UpdateEnvironment.php">
        <class name="UpdateEnvironment" namespace="Pterodactyl\Console\Commands">
          <metrics complexity="23" methods="2" coveredmethods="0" conditionals="0" coveredconditionals="0" statements="70" coveredstatements="0" elements="72" coveredelements="0"/>
        </class>
        <line num="61" type="method" name="__construct" visibility="public" complexity="1" crap="2" count="0"/>
        <line num="63" type="stmt" count="0"/>
        <line num="64" type="stmt" count="0"/>
        <line num="71" type="method" name="handle" visibility="public" complexity="22" crap="506" count="0"/>
        <line num="73" type="stmt" count="0"/>
        <line num="74" type="stmt" count="0"/>
        <line num="75" type="stmt" count="0"/>
        <line num="76" type="stmt" count="0"/>
        <line num="77" type="stmt" count="0"/>
        <line num="80" type="stmt" count="0"/>
        <line num="82" type="stmt" count="0"/>
        <line num="83" type="stmt" count="0"/>
        <line num="84" type="stmt" count="0"/>
        <line num="85" type="stmt" count="0"/>
        <line num="88" type="stmt" count="0"/>
        <line num="89" type="stmt" count="0"/>
        <line num="90" type="stmt" count="0"/>
        <line num="94" type="stmt" count="0"/>
        <line num="95" type="stmt" count="0"/>
        <line num="97" type="stmt" count="0"/>
        <line num="100" type="stmt" count="0"/>
        <line num="101" type="stmt" count="0"/>
        <line num="103" type="stmt" count="0"/>
        <line num="106" type="stmt" count="0"/>
        <line num="107" type="stmt" count="0"/>
        <line num="109" type="stmt" count="0"/>
        <line num="112" type="stmt" count="0"/>
        <line num="113" type="stmt" count="0"/>
        <line num="115" type="stmt" count="0"/>
        <line num="118" type="stmt" count="0"/>
        <line num="119" type="stmt" count="0"/>
        <line num="120" type="stmt" count="0"/>
        <line num="122" type="stmt" count="0"/>
        <line num="125" type="stmt" count="0"/>
        <line num="126" type="stmt" count="0"/>
        <line num="128" type="stmt" count="0"/>
        <line num="131" type="stmt" count="0"/>
        <line num="132" type="stmt" count="0"/>
        <line num="133" type="stmt" count="0"/>
        <line num="135" type="stmt" count="0"/>
        <line num="138" type="stmt" count="0"/>
        <line num="140" type="stmt" count="0"/>
        <line num="145" type="stmt" count="0"/>
        <line num="147" type="stmt" count="0"/>
        <line num="148" type="stmt" count="0"/>
        <line num="150" type="stmt" count="0"/>
        <line num="153" type="stmt" count="0"/>
        <line num="155" type="stmt" count="0"/>
        <line num="162" type="stmt" count="0"/>
        <line num="164" type="stmt" count="0"/>
        <line num="165" type="stmt" count="0"/>
        <line num="167" type="stmt" count="0"/>
        <line num="170" type="stmt" count="0"/>
        <line num="172" type="stmt" count="0"/>
        <line num="178" type="stmt" count="0"/>
        <line num="180" type="stmt" count="0"/>
        <line num="181" type="stmt" count="0"/>
        <line num="183" type="stmt" count="0"/>
        <line num="186" type="stmt" count="0"/>
        <line num="188" type="stmt" count="0"/>
        <line num="189" type="stmt" count="0"/>
        <line num="190" type="stmt" count="0"/>
        <line num="192" type="stmt" count="0"/>
        <line num="194" type="stmt" count="0"/>
        <line num="195" type="stmt" count="0"/>
        <line num="197" type="stmt" count="0"/>
        <line num="199" type="stmt" count="0"/>
        <line num="202" type="stmt" count="0"/>
        <line num="203" type="stmt" count="0"/>
        <line num="205" type="stmt" count="0"/>
        <line num="206" type="stmt" count="0"/>
        <line num="207" type="stmt" count="0"/>
        <metrics loc="208" ncloc="166" classes="1" methods="2" coveredmethods="0" conditionals="0" coveredconditionals="0" statements="70" coveredstatements="0" elements="72" coveredelements="0"/>
      </file>
    </package>
    <package name="Pterodactyl\Console">
      <file name="/var/www/pterodactyl.app/app/Console/Kernel.php">
        <class name="Kernel" namespace="Pterodactyl\Console">
          <metrics complexity="1" methods="1" coveredmethods="1" conditionals="0" coveredconditionals="0" statements="4" coveredstatements="4" elements="5" coveredelements="5"/>
        </class>
        <line num="36" type="method" name="schedule" visibility="protected" complexity="1" crap="1" count="16"/>
        <line num="38" type="stmt" count="16"/>
        <line num="39" type="stmt" count="16"/>
        <line num="40" type="stmt" count="16"/>
        <line num="41" type="stmt" count="16"/>
        <metrics loc="42" ncloc="31" classes="1" methods="1" coveredmethods="1" conditionals="0" coveredconditionals="0" statements="4" coveredstatements="4" elements="5" coveredelements="5"/>
      </file>
    </package>
    <file name="/var/www/pterodactyl.app/app/Contracts/Criteria/CriteriaInterface.php">
      <metrics loc="39" ncloc="10" classes="0" methods="0" coveredmethods="0" conditionals="0" coveredconditionals="0" statements="0" coveredstatements="0" elements="0" coveredelements="0"/>
    </file>
    <file name="/var/www/pterodactyl.app/app/Contracts/Repositories/RepositoryInterface.php">
      <metrics loc="164" ncloc="42" classes="0" methods="0" coveredmethods="0" conditionals="0" coveredconditionals="0" statements="0" coveredstatements="0" elements="0" coveredelements="0"/>
    </file>
    <file name="/var/www/pterodactyl.app/app/Contracts/Repositories/SearchableRepositoryInterface.php">
      <metrics loc="36" ncloc="8" classes="0" methods="0" coveredmethods="0" conditionals="0" coveredconditionals="0" statements="0" coveredstatements="0" elements="0" coveredelements="0"/>
    </file>
    <file name="/var/www/pterodactyl.app/app/Contracts/Repositories/UserInterface.php">
      <metrics loc="30" ncloc="6" classes="0" methods="0" coveredmethods="0" conditionals="0" coveredconditionals="0" statements="0" coveredstatements="0" elements="0" coveredelements="0"/>
    </file>
    <package name="Pterodactyl\Events\Auth">
      <file name="/var/www/pterodactyl.app/app/Events/Auth/FailedCaptcha.php">
        <class name="FailedCaptcha" namespace="Pterodactyl\Events\Auth">
          <metrics complexity="1" methods="1" coveredmethods="0" conditionals="0" coveredconditionals="0" statements="3" coveredstatements="0" elements="4" coveredelements="0"/>
        </class>
        <line num="54" type="method" name="__construct" visibility="public" complexity="1" crap="2" count="0"/>
        <line num="56" type="stmt" count="0"/>
        <line num="57" type="stmt" count="0"/>
        <line num="58" type="stmt" count="0"/>
        <metrics loc="59" ncloc="20" classes="1" methods="1" coveredmethods="0" conditionals="0" coveredconditionals="0" statements="3" coveredstatements="0" elements="4" coveredelements="0"/>
      </file>
      <file name="/var/www/pterodactyl.app/app/Events/Auth/FailedPasswordReset.php">
        <class name="FailedPasswordReset" namespace="Pterodactyl\Events\Auth">
          <metrics complexity="1" methods="1" coveredmethods="0" conditionals="0" coveredconditionals="0" statements="3" coveredstatements="0" elements="4" coveredelements="0"/>
        </class>
        <line num="54" type="method" name="__construct" visibility="public" complexity="1" crap="2" count="0"/>
        <line num="56" type="stmt" count="0"/>
        <line num="57" type="stmt" count="0"/>
        <line num="58" type="stmt" count="0"/>
        <metrics loc="59" ncloc="20" classes="1" methods="1" coveredmethods="0" conditionals="0" coveredconditionals="0" statements="3" coveredstatements="0" elements="4" coveredelements="0"/>
      </file>
    </package>
    <package name="Pterodactyl\Events">
      <file name="/var/www/pterodactyl.app/app/Events/Event.php">
        <class name="Event" namespace="Pterodactyl\Events">
          <metrics complexity="0" methods="0" coveredmethods="0" conditionals="0" coveredconditionals="0" statements="0" coveredstatements="0" elements="0" coveredelements="0"/>
        </class>
        <metrics loc="8" ncloc="6" classes="0" methods="0" coveredmethods="0" conditionals="0" coveredconditionals="0" statements="0" coveredstatements="0" elements="0" coveredelements="0"/>
      </file>
    </package>
    <package name="Pterodactyl\Events\Server">
      <file name="/var/www/pterodactyl.app/app/Events/Server/Created.php">
        <class name="Created" namespace="Pterodactyl\Events\Server">
          <metrics complexity="1" methods="1" coveredmethods="0" conditionals="0" coveredconditionals="0" statements="2" coveredstatements="0" elements="3" coveredelements="0"/>
        </class>
        <line num="47" type="method" name="__construct" visibility="public" complexity="1" crap="2" count="0"/>
        <line num="49" type="stmt" count="0"/>
        <line num="50" type="stmt" count="0"/>
        <metrics loc="51" ncloc="18" classes="1" methods="1" coveredmethods="0" conditionals="0" coveredconditionals="0" statements="2" coveredstatements="0" elements="3" coveredelements="0"/>
      </file>
      <file name="/var/www/pterodactyl.app/app/Events/Server/Creating.php">
        <class name="Creating" namespace="Pterodactyl\Events\Server">
          <metrics complexity="1" methods="1" coveredmethods="0" conditionals="0" coveredconditionals="0" statements="2" coveredstatements="0" elements="3" coveredelements="0"/>
        </class>
        <line num="47" type="method" name="__construct" visibility="public" complexity="1" crap="2" count="0"/>
        <line num="49" type="stmt" count="0"/>
        <line num="50" type="stmt" count="0"/>
        <metrics loc="51" ncloc="18" classes="1" methods="1" coveredmethods="0" conditionals="0" coveredconditionals="0" statements="2" coveredstatements="0" elements="3" coveredelements="0"/>
      </file>
      <file name="/var/www/pterodactyl.app/app/Events/Server/Deleted.php">
        <class name="Deleted" namespace="Pterodactyl\Events\Server">
          <metrics complexity="1" methods="1" coveredmethods="0" conditionals="0" coveredconditionals="0" statements="2" coveredstatements="0" elements="3" coveredelements="0"/>
        </class>
        <line num="47" type="method" name="__construct" visibility="public" complexity="1" crap="2" count="0"/>
        <line num="49" type="stmt" count="0"/>
        <line num="50" type="stmt" count="0"/>
        <metrics loc="51" ncloc="18" classes="1" methods="1" coveredmethods="0" conditionals="0" coveredconditionals="0" statements="2" coveredstatements="0" elements="3" coveredelements="0"/>
      </file>
      <file name="/var/www/pterodactyl.app/app/Events/Server/Deleting.php">
        <class name="Deleting" namespace="Pterodactyl\Events\Server">
          <metrics complexity="1" methods="1" coveredmethods="0" conditionals="0" coveredconditionals="0" statements="2" coveredstatements="0" elements="3" coveredelements="0"/>
        </class>
        <line num="47" type="method" name="__construct" visibility="public" complexity="1" crap="2" count="0"/>
        <line num="49" type="stmt" count="0"/>
        <line num="50" type="stmt" count="0"/>
        <metrics loc="51" ncloc="18" classes="1" methods="1" coveredmethods="0" conditionals="0" coveredconditionals="0" statements="2" coveredstatements="0" elements="3" coveredelements="0"/>
      </file>
      <file name="/var/www/pterodactyl.app/app/Events/Server/Saved.php">
        <class name="Saved" namespace="Pterodactyl\Events\Server">
          <metrics complexity="1" methods="1" coveredmethods="0" conditionals="0" coveredconditionals="0" statements="2" coveredstatements="0" elements="3" coveredelements="0"/>
        </class>
        <line num="47" type="method" name="__construct" visibility="public" complexity="1" crap="2" count="0"/>
        <line num="49" type="stmt" count="0"/>
        <line num="50" type="stmt" count="0"/>
        <metrics loc="51" ncloc="18" classes="1" methods="1" coveredmethods="0" conditionals="0" coveredconditionals="0" statements="2" coveredstatements="0" elements="3" coveredelements="0"/>
      </file>
      <file name="/var/www/pterodactyl.app/app/Events/Server/Saving.php">
        <class name="Saving" namespace="Pterodactyl\Events\Server">
          <metrics complexity="1" methods="1" coveredmethods="0" conditionals="0" coveredconditionals="0" statements="2" coveredstatements="0" elements="3" coveredelements="0"/>
        </class>
        <line num="47" type="method" name="__construct" visibility="public" complexity="1" crap="2" count="0"/>
        <line num="49" type="stmt" count="0"/>
        <line num="50" type="stmt" count="0"/>
        <metrics loc="51" ncloc="18" classes="1" methods="1" coveredmethods="0" conditionals="0" coveredconditionals="0" statements="2" coveredstatements="0" elements="3" coveredelements="0"/>
      </file>
      <file name="/var/www/pterodactyl.app/app/Events/Server/Updated.php">
        <class name="Updated" namespace="Pterodactyl\Events\Server">
          <metrics complexity="1" methods="1" coveredmethods="0" conditionals="0" coveredconditionals="0" statements="2" coveredstatements="0" elements="3" coveredelements="0"/>
        </class>
        <line num="47" type="method" name="__construct" visibility="public" complexity="1" crap="2" count="0"/>
        <line num="49" type="stmt" count="0"/>
        <line num="50" type="stmt" count="0"/>
        <metrics loc="51" ncloc="18" classes="1" methods="1" coveredmethods="0" conditionals="0" coveredconditionals="0" statements="2" coveredstatements="0" elements="3" coveredelements="0"/>
      </file>
      <file name="/var/www/pterodactyl.app/app/Events/Server/Updating.php">
        <class name="Updating" namespace="Pterodactyl\Events\Server">
          <metrics complexity="1" methods="1" coveredmethods="0" conditionals="0" coveredconditionals="0" statements="2" coveredstatements="0" elements="3" coveredelements="0"/>
        </class>
        <line num="47" type="method" name="__construct" visibility="public" complexity="1" crap="2" count="0"/>
        <line num="49" type="stmt" count="0"/>
        <line num="50" type="stmt" count="0"/>
        <metrics loc="51" ncloc="18" classes="1" methods="1" coveredmethods="0" conditionals="0" coveredconditionals="0" statements="2" coveredstatements="0" elements="3" coveredelements="0"/>
      </file>
    </package>
    <package name="Pterodactyl\Events\Subuser">
      <file name="/var/www/pterodactyl.app/app/Events/Subuser/Created.php">
        <class name="Created" namespace="Pterodactyl\Events\Subuser">
          <metrics complexity="1" methods="1" coveredmethods="0" conditionals="0" coveredconditionals="0" statements="2" coveredstatements="0" elements="3" coveredelements="0"/>
        </class>
        <line num="47" type="method" name="__construct" visibility="public" complexity="1" crap="2" count="0"/>
        <line num="49" type="stmt" count="0"/>
        <line num="50" type="stmt" count="0"/>
        <metrics loc="51" ncloc="18" classes="1" methods="1" coveredmethods="0" conditionals="0" coveredconditionals="0" statements="2" coveredstatements="0" elements="3" coveredelements="0"/>
      </file>
      <file name="/var/www/pterodactyl.app/app/Events/Subuser/Creating.php">
        <class name="Creating" namespace="Pterodactyl\Events\Subuser">
          <metrics complexity="1" methods="1" coveredmethods="0" conditionals="0" coveredconditionals="0" statements="2" coveredstatements="0" elements="3" coveredelements="0"/>
        </class>
        <line num="47" type="method" name="__construct" visibility="public" complexity="1" crap="2" count="0"/>
        <line num="49" type="stmt" count="0"/>
        <line num="50" type="stmt" count="0"/>
        <metrics loc="51" ncloc="18" classes="1" methods="1" coveredmethods="0" conditionals="0" coveredconditionals="0" statements="2" coveredstatements="0" elements="3" coveredelements="0"/>
      </file>
      <file name="/var/www/pterodactyl.app/app/Events/Subuser/Deleted.php">
        <class name="Deleted" namespace="Pterodactyl\Events\Subuser">
          <metrics complexity="1" methods="1" coveredmethods="0" conditionals="0" coveredconditionals="0" statements="2" coveredstatements="0" elements="3" coveredelements="0"/>
        </class>
        <line num="47" type="method" name="__construct" visibility="public" complexity="1" crap="2" count="0"/>
        <line num="49" type="stmt" count="0"/>
        <line num="50" type="stmt" count="0"/>
        <metrics loc="51" ncloc="18" classes="1" methods="1" coveredmethods="0" conditionals="0" coveredconditionals="0" statements="2" coveredstatements="0" elements="3" coveredelements="0"/>
      </file>
      <file name="/var/www/pterodactyl.app/app/Events/Subuser/Deleting.php">
        <class name="Deleting" namespace="Pterodactyl\Events\Subuser">
          <metrics complexity="1" methods="1" coveredmethods="0" conditionals="0" coveredconditionals="0" statements="2" coveredstatements="0" elements="3" coveredelements="0"/>
        </class>
        <line num="47" type="method" name="__construct" visibility="public" complexity="1" crap="2" count="0"/>
        <line num="49" type="stmt" count="0"/>
        <line num="50" type="stmt" count="0"/>
        <metrics loc="51" ncloc="18" classes="1" methods="1" coveredmethods="0" conditionals="0" coveredconditionals="0" statements="2" coveredstatements="0" elements="3" coveredelements="0"/>
      </file>
    </package>
    <package name="Pterodactyl\Events\User">
      <file name="/var/www/pterodactyl.app/app/Events/User/Created.php">
        <class name="Created" namespace="Pterodactyl\Events\User">
          <metrics complexity="1" methods="1" coveredmethods="1" conditionals="0" coveredconditionals="0" statements="2" coveredstatements="2" elements="3" coveredelements="3"/>
        </class>
        <line num="47" type="method" name="__construct" visibility="public" complexity="1" crap="1" count="5"/>
        <line num="49" type="stmt" count="5"/>
        <line num="50" type="stmt" count="5"/>
        <metrics loc="51" ncloc="18" classes="1" methods="1" coveredmethods="1" conditionals="0" coveredconditionals="0" statements="2" coveredstatements="2" elements="3" coveredelements="3"/>
      </file>
      <file name="/var/www/pterodactyl.app/app/Events/User/Creating.php">
        <class name="Creating" namespace="Pterodactyl\Events\User">
          <metrics complexity="1" methods="1" coveredmethods="1" conditionals="0" coveredconditionals="0" statements="2" coveredstatements="2" elements="3" coveredelements="3"/>
        </class>
        <line num="47" type="method" name="__construct" visibility="public" complexity="1" crap="1" count="5"/>
        <line num="49" type="stmt" count="5"/>
        <line num="50" type="stmt" count="5"/>
        <metrics loc="51" ncloc="18" classes="1" methods="1" coveredmethods="1" conditionals="0" coveredconditionals="0" statements="2" coveredstatements="2" elements="3" coveredelements="3"/>
      </file>
      <file name="/var/www/pterodactyl.app/app/Events/User/Deleted.php">
        <class name="Deleted" namespace="Pterodactyl\Events\User">
          <metrics complexity="1" methods="1" coveredmethods="1" conditionals="0" coveredconditionals="0" statements="2" coveredstatements="2" elements="3" coveredelements="3"/>
        </class>
        <line num="47" type="method" name="__construct" visibility="public" complexity="1" crap="1" count="1"/>
        <line num="49" type="stmt" count="1"/>
        <line num="50" type="stmt" count="1"/>
        <metrics loc="51" ncloc="18" classes="1" methods="1" coveredmethods="1" conditionals="0" coveredconditionals="0" statements="2" coveredstatements="2" elements="3" coveredelements="3"/>
      </file>
      <file name="/var/www/pterodactyl.app/app/Events/User/Deleting.php">
        <class name="Deleting" namespace="Pterodactyl\Events\User">
          <metrics complexity="1" methods="1" coveredmethods="1" conditionals="0" coveredconditionals="0" statements="2" coveredstatements="2" elements="3" coveredelements="3"/>
        </class>
        <line num="47" type="method" name="__construct" visibility="public" complexity="1" crap="1" count="1"/>
        <line num="49" type="stmt" count="1"/>
        <line num="50" type="stmt" count="1"/>
        <metrics loc="51" ncloc="18" classes="1" methods="1" coveredmethods="1" conditionals="0" coveredconditionals="0" statements="2" coveredstatements="2" elements="3" coveredelements="3"/>
      </file>
    </package>
    <package name="Pterodactyl\Exceptions">
      <file name="/var/www/pterodactyl.app/app/Exceptions/AccountNotFoundException.php">
        <class name="AccountNotFoundException" namespace="Pterodactyl\Exceptions">
          <metrics complexity="0" methods="0" coveredmethods="0" conditionals="0" coveredconditionals="0" statements="0" coveredstatements="0" elements="0" coveredelements="0"/>
        </class>
        <metrics loc="30" ncloc="6" classes="0" methods="0" coveredmethods="0" conditionals="0" coveredconditionals="0" statements="0" coveredstatements="0" elements="0" coveredelements="0"/>
      </file>
      <file name="/var/www/pterodactyl.app/app/Exceptions/AutoDeploymentException.php">
        <class name="AutoDeploymentException" namespace="Pterodactyl\Exceptions">
          <metrics complexity="0" methods="0" coveredmethods="0" conditionals="0" coveredconditionals="0" statements="0" coveredstatements="0" elements="0" coveredelements="0"/>
        </class>
        <metrics loc="30" ncloc="6" classes="0" methods="0" coveredmethods="0" conditionals="0" coveredconditionals="0" statements="0" coveredstatements="0" elements="0" coveredelements="0"/>
      </file>
      <file name="/var/www/pterodactyl.app/app/Exceptions/DisplayException.php">
        <class name="DisplayException" namespace="Pterodactyl\Exceptions">
          <metrics complexity="2" methods="1" coveredmethods="0" conditionals="0" coveredconditionals="0" statements="4" coveredstatements="3" elements="5" coveredelements="3"/>
        </class>
        <line num="38" type="method" name="__construct" visibility="public" complexity="2" crap="2.06" count="2"/>
        <line num="40" type="stmt" count="2"/>
        <line num="41" type="stmt" count="0"/>
        <line num="44" type="stmt" count="2"/>
        <line num="45" type="stmt" count="2"/>
        <metrics loc="46" ncloc="17" classes="1" methods="1" coveredmethods="0" conditionals="0" coveredconditionals="0" statements="4" coveredstatements="3" elements="5" coveredelements="3"/>
      </file>
      <file name="/var/www/pterodactyl.app/app/Exceptions/DisplayValidationException.php">
        <class name="DisplayValidationException" namespace="Pterodactyl\Exceptions">
          <metrics complexity="0" methods="0" coveredmethods="0" conditionals="0" coveredconditionals="0" statements="0" coveredstatements="0" elements="0" coveredelements="0"/>
        </class>
        <metrics loc="30" ncloc="6" classes="0" methods="0" coveredmethods="0" conditionals="0" coveredconditionals="0" statements="0" coveredstatements="0" elements="0" coveredelements="0"/>
      </file>
      <file name="/var/www/pterodactyl.app/app/Exceptions/Handler.php">
        <class name="Handler" namespace="Pterodactyl\Exceptions">
          <metrics complexity="13" methods="3" coveredmethods="0" conditionals="0" coveredconditionals="0" statements="16" coveredstatements="0" elements="19" coveredelements="0"/>
        </class>
        <line num="34" type="method" name="report" visibility="public" complexity="1" crap="2" count="0"/>
        <line num="36" type="stmt" count="0"/>
        <line num="46" type="method" name="render" visibility="public" complexity="10" crap="110" count="0"/>
        <line num="48" type="stmt" count="0"/>
        <line num="49" type="stmt" count="0"/>
        <line num="51" type="stmt" count="0"/>
        <line num="52" type="stmt" count="0"/>
        <line num="54" type="stmt" count="0"/>
        <line num="57" type="stmt" count="0"/>
        <line num="58" type="stmt" count="0"/>
        <line num="59" type="stmt" count="0"/>
        <line num="60" type="stmt" count="0"/>
        <line num="61" type="stmt" count="0"/>
        <line num="63" type="stmt" count="0"/>
        <line num="66" type="stmt" count="0"/>
        <line num="76" type="method" name="unauthenticated" visibility="protected" complexity="2" crap="6" count="0"/>
        <line num="78" type="stmt" count="0"/>
        <line num="79" type="stmt" count="0"/>
        <line num="82" type="stmt" count="0"/>
        <metrics loc="84" ncloc="57" classes="1" methods="3" coveredmethods="0" conditionals="0" coveredconditionals="0" statements="16" coveredstatements="0" elements="19" coveredelements="0"/>
      </file>
      <file name="/var/www/pterodactyl.app/app/Exceptions/PterodactylException.php">
        <class name="PterodactylException" namespace="Pterodactyl\Exceptions">
          <metrics complexity="0" methods="0" coveredmethods="0" conditionals="0" coveredconditionals="0" statements="0" coveredstatements="0" elements="0" coveredelements="0"/>
        </class>
        <metrics loc="30" ncloc="6" classes="0" methods="0" coveredmethods="0" conditionals="0" coveredconditionals="0" statements="0" coveredstatements="0" elements="0" coveredelements="0"/>
      </file>
    </package>
    <package name="Pterodactyl\Exceptions\Repository">
      <file name="/var/www/pterodactyl.app/app/Exceptions/Repository/RepositoryException.php">
        <class name="RepositoryException" namespace="Pterodactyl\Exceptions\Repository">
          <metrics complexity="0" methods="0" coveredmethods="0" conditionals="0" coveredconditionals="0" statements="0" coveredstatements="0" elements="0" coveredelements="0"/>
        </class>
        <metrics loc="30" ncloc="6" classes="0" methods="0" coveredmethods="0" conditionals="0" coveredconditionals="0" statements="0" coveredstatements="0" elements="0" coveredelements="0"/>
      </file>
    </package>
    <package name="Pterodactyl\Extensions">
      <file name="/var/www/pterodactyl.app/app/Extensions/PhraseAppTranslator.php">
        <class name="PhraseAppTranslator" namespace="Pterodactyl\Extensions">
          <metrics complexity="1" methods="1" coveredmethods="0" conditionals="0" coveredconditionals="0" statements="2" coveredstatements="0" elements="3" coveredelements="0"/>
        </class>
        <line num="40" type="method" name="get" visibility="public" complexity="1" crap="2" count="0"/>
        <line num="42" type="stmt" count="0"/>
        <line num="44" type="stmt" count="0"/>
        <metrics loc="46" ncloc="15" classes="1" methods="1" coveredmethods="0" conditionals="0" coveredconditionals="0" statements="2" coveredstatements="0" elements="3" coveredelements="0"/>
      </file>
    </package>
    <package name="Pterodactyl\Facades">
      <file name="/var/www/pterodactyl.app/app/Facades/Version.php">
        <class name="Version" namespace="Pterodactyl\Facades">
          <metrics complexity="1" methods="1" coveredmethods="0" conditionals="0" coveredconditionals="0" statements="1" coveredstatements="0" elements="2" coveredelements="0"/>
        </class>
        <line num="36" type="method" name="getFacadeAccessor" visibility="protected" complexity="1" crap="2" count="0"/>
        <line num="38" type="stmt" count="0"/>
        <metrics loc="40" ncloc="13" classes="1" methods="1" coveredmethods="0" conditionals="0" coveredconditionals="0" statements="1" coveredstatements="0" elements="2" coveredelements="0"/>
      </file>
    </package>
    <package name="Pterodactyl\Http\Controllers\API\Admin">
      <file name="/var/www/pterodactyl.app/app/Http/Controllers/API/Admin/LocationController.php">
        <class name="LocationController" namespace="Pterodactyl\Http\Controllers\API\Admin">
          <metrics complexity="1" methods="1" coveredmethods="0" conditionals="0" coveredconditionals="0" statements="6" coveredstatements="0" elements="7" coveredelements="0"/>
        </class>
        <line num="41" type="method" name="index" visibility="public" complexity="1" crap="2" count="0"/>
        <line num="43" type="stmt" count="0"/>
        <line num="45" type="stmt" count="0"/>
        <line num="46" type="stmt" count="0"/>
        <line num="47" type="stmt" count="0"/>
        <line num="48" type="stmt" count="0"/>
        <line num="49" type="stmt" count="0"/>
        <metrics loc="51" ncloc="23" classes="1" methods="1" coveredmethods="0" conditionals="0" coveredconditionals="0" statements="6" coveredstatements="0" elements="7" coveredelements="0"/>
      </file>
      <file name="/var/www/pterodactyl.app/app/Http/Controllers/API/Admin/NodeController.php">
        <class name="NodeController" namespace="Pterodactyl\Http\Controllers\API\Admin">
          <metrics complexity="14" methods="5" coveredmethods="0" conditionals="0" coveredconditionals="0" statements="56" coveredstatements="0" elements="61" coveredelements="0"/>
        </class>
        <line num="46" type="method" name="index" visibility="public" complexity="3" crap="12" count="0"/>
        <line num="48" type="stmt" count="0"/>
        <line num="50" type="stmt" count="0"/>
        <line num="51" type="stmt" count="0"/>
        <line num="52" type="stmt" count="0"/>
        <line num="53" type="stmt" count="0"/>
        <line num="54" type="stmt" count="0"/>
        <line num="56" type="stmt" count="0"/>
        <line num="57" type="stmt" count="0"/>
        <line num="60" type="stmt" count="0"/>
        <line num="70" type="method" name="view" visibility="public" complexity="2" crap="6" count="0"/>
        <line num="72" type="stmt" count="0"/>
        <line num="74" type="stmt" count="0"/>
        <line num="75" type="stmt" count="0"/>
        <line num="76" type="stmt" count="0"/>
        <line num="79" type="stmt" count="0"/>
        <line num="80" type="stmt" count="0"/>
        <line num="81" type="stmt" count="0"/>
        <line num="91" type="method" name="viewConfig" visibility="public" complexity="1" crap="2" count="0"/>
        <line num="93" type="stmt" count="0"/>
        <line num="95" type="stmt" count="0"/>
        <line num="97" type="stmt" count="0"/>
        <line num="106" type="method" name="store" visibility="public" complexity="5" crap="30" count="0"/>
        <line num="108" type="stmt" count="0"/>
        <line num="110" type="stmt" count="0"/>
        <line num="112" type="stmt" count="0"/>
        <line num="113" type="stmt" count="0"/>
        <line num="114" type="stmt" count="0"/>
        <line num="116" type="stmt" count="0"/>
        <line num="117" type="stmt" count="0"/>
        <line num="123" type="stmt" count="0"/>
        <line num="124" type="stmt" count="0"/>
        <line num="125" type="stmt" count="0"/>
        <line num="128" type="stmt" count="0"/>
        <line num="129" type="stmt" count="0"/>
        <line num="130" type="stmt" count="0"/>
        <line num="131" type="stmt" count="0"/>
        <line num="132" type="stmt" count="0"/>
        <line num="133" type="stmt" count="0"/>
        <line num="134" type="stmt" count="0"/>
        <line num="135" type="stmt" count="0"/>
        <line num="136" type="stmt" count="0"/>
        <line num="137" type="stmt" count="0"/>
        <line num="138" type="stmt" count="0"/>
        <line num="140" type="stmt" count="0"/>
        <line num="141" type="stmt" count="0"/>
        <line num="142" type="stmt" count="0"/>
        <line num="153" type="method" name="delete" visibility="public" complexity="3" crap="12" count="0"/>
        <line num="155" type="stmt" count="0"/>
        <line num="157" type="stmt" count="0"/>
        <line num="159" type="stmt" count="0"/>
        <line num="161" type="stmt" count="0"/>
        <line num="162" type="stmt" count="0"/>
        <line num="163" type="stmt" count="0"/>
        <line num="164" type="stmt" count="0"/>
        <line num="165" type="stmt" count="0"/>
        <line num="166" type="stmt" count="0"/>
        <line num="167" type="stmt" count="0"/>
        <line num="169" type="stmt" count="0"/>
        <line num="170" type="stmt" count="0"/>
        <line num="171" type="stmt" count="0"/>
        <metrics loc="174" ncloc="119" classes="1" methods="5" coveredmethods="0" conditionals="0" coveredconditionals="0" statements="56" coveredstatements="0" elements="61" coveredelements="0"/>
      </file>
      <file name="/var/www/pterodactyl.app/app/Http/Controllers/API/Admin/ServerController.php">
        <class name="ServerController" namespace="Pterodactyl\Http\Controllers\API\Admin">
          <metrics complexity="46" methods="11" coveredmethods="0" conditionals="0" coveredconditionals="0" statements="198" coveredstatements="0" elements="209" coveredelements="0"/>
        </class>
        <line num="47" type="method" name="index" visibility="public" complexity="3" crap="12" count="0"/>
        <line num="49" type="stmt" count="0"/>
        <line num="51" type="stmt" count="0"/>
        <line num="52" type="stmt" count="0"/>
        <line num="53" type="stmt" count="0"/>
        <line num="54" type="stmt" count="0"/>
        <line num="55" type="stmt" count="0"/>
        <line num="57" type="stmt" count="0"/>
        <line num="58" type="stmt" count="0"/>
        <line num="61" type="stmt" count="0"/>
        <line num="71" type="method" name="view" visibility="public" complexity="2" crap="6" count="0"/>
        <line num="73" type="stmt" count="0"/>
        <line num="75" type="stmt" count="0"/>
        <line num="76" type="stmt" count="0"/>
        <line num="78" type="stmt" count="0"/>
        <line num="79" type="stmt" count="0"/>
        <line num="82" type="stmt" count="0"/>
        <line num="83" type="stmt" count="0"/>
        <line num="84" type="stmt" count="0"/>
        <line num="93" type="method" name="store" visibility="public" complexity="6" crap="42" count="0"/>
        <line num="95" type="stmt" count="0"/>
        <line num="97" type="stmt" count="0"/>
        <line num="99" type="stmt" count="0"/>
        <line num="101" type="stmt" count="0"/>
        <line num="102" type="stmt" count="0"/>
        <line num="103" type="stmt" count="0"/>
        <line num="106" type="stmt" count="0"/>
        <line num="107" type="stmt" count="0"/>
        <line num="108" type="stmt" count="0"/>
        <line num="109" type="stmt" count="0"/>
        <line num="110" type="stmt" count="0"/>
        <line num="111" type="stmt" count="0"/>
        <line num="112" type="stmt" count="0"/>
        <line num="113" type="stmt" count="0"/>
        <line num="114" type="stmt" count="0"/>
        <line num="115" type="stmt" count="0"/>
        <line num="116" type="stmt" count="0"/>
        <line num="118" type="stmt" count="0"/>
        <line num="119" type="stmt" count="0"/>
        <line num="120" type="stmt" count="0"/>
        <line num="121" type="stmt" count="0"/>
        <line num="122" type="stmt" count="0"/>
        <line num="124" type="stmt" count="0"/>
        <line num="125" type="stmt" count="0"/>
        <line num="126" type="stmt" count="0"/>
        <line num="137" type="method" name="delete" visibility="public" complexity="4" crap="20" count="0"/>
        <line num="139" type="stmt" count="0"/>
        <line num="141" type="stmt" count="0"/>
        <line num="143" type="stmt" count="0"/>
        <line num="145" type="stmt" count="0"/>
        <line num="146" type="stmt" count="0"/>
        <line num="147" type="stmt" count="0"/>
        <line num="148" type="stmt" count="0"/>
        <line num="149" type="stmt" count="0"/>
        <line num="150" type="stmt" count="0"/>
        <line num="151" type="stmt" count="0"/>
        <line num="153" type="stmt" count="0"/>
        <line num="154" type="stmt" count="0"/>
        <line num="155" type="stmt" count="0"/>
        <line num="156" type="stmt" count="0"/>
        <line num="157" type="stmt" count="0"/>
        <line num="159" type="stmt" count="0"/>
        <line num="160" type="stmt" count="0"/>
        <line num="161" type="stmt" count="0"/>
        <line num="172" type="method" name="details" visibility="public" complexity="5" crap="30" count="0"/>
        <line num="174" type="stmt" count="0"/>
        <line num="176" type="stmt" count="0"/>
        <line num="178" type="stmt" count="0"/>
        <line num="179" type="stmt" count="0"/>
        <line num="182" type="stmt" count="0"/>
        <line num="183" type="stmt" count="0"/>
        <line num="184" type="stmt" count="0"/>
        <line num="187" type="stmt" count="0"/>
        <line num="188" type="stmt" count="0"/>
        <line num="189" type="stmt" count="0"/>
        <line num="190" type="stmt" count="0"/>
        <line num="191" type="stmt" count="0"/>
        <line num="192" type="stmt" count="0"/>
        <line num="193" type="stmt" count="0"/>
        <line num="194" type="stmt" count="0"/>
        <line num="195" type="stmt" count="0"/>
        <line num="196" type="stmt" count="0"/>
        <line num="197" type="stmt" count="0"/>
        <line num="199" type="stmt" count="0"/>
        <line num="200" type="stmt" count="0"/>
        <line num="201" type="stmt" count="0"/>
        <line num="212" type="method" name="container" visibility="public" complexity="5" crap="30" count="0"/>
        <line num="214" type="stmt" count="0"/>
        <line num="216" type="stmt" count="0"/>
        <line num="218" type="stmt" count="0"/>
        <line num="220" type="stmt" count="0"/>
        <line num="221" type="stmt" count="0"/>
        <line num="222" type="stmt" count="0"/>
        <line num="225" type="stmt" count="0"/>
        <line num="226" type="stmt" count="0"/>
        <line num="227" type="stmt" count="0"/>
        <line num="228" type="stmt" count="0"/>
        <line num="229" type="stmt" count="0"/>
        <line num="230" type="stmt" count="0"/>
        <line num="231" type="stmt" count="0"/>
        <line num="233" type="stmt" count="0"/>
        <line num="234" type="stmt" count="0"/>
        <line num="235" type="stmt" count="0"/>
        <line num="236" type="stmt" count="0"/>
        <line num="237" type="stmt" count="0"/>
        <line num="239" type="stmt" count="0"/>
        <line num="240" type="stmt" count="0"/>
        <line num="241" type="stmt" count="0"/>
        <line num="252" type="method" name="install" visibility="public" complexity="3" crap="12" count="0"/>
        <line num="254" type="stmt" count="0"/>
        <line num="256" type="stmt" count="0"/>
        <line num="258" type="stmt" count="0"/>
        <line num="260" type="stmt" count="0"/>
        <line num="261" type="stmt" count="0"/>
        <line num="262" type="stmt" count="0"/>
        <line num="263" type="stmt" count="0"/>
        <line num="264" type="stmt" count="0"/>
        <line num="265" type="stmt" count="0"/>
        <line num="266" type="stmt" count="0"/>
        <line num="268" type="stmt" count="0"/>
        <line num="269" type="stmt" count="0"/>
        <line num="270" type="stmt" count="0"/>
        <line num="281" type="method" name="rebuild" visibility="public" complexity="2" crap="6" count="0"/>
        <line num="283" type="stmt" count="0"/>
        <line num="284" type="stmt" count="0"/>
        <line num="287" type="stmt" count="0"/>
        <line num="288" type="stmt" count="0"/>
        <line num="289" type="stmt" count="0"/>
        <line num="290" type="stmt" count="0"/>
        <line num="292" type="stmt" count="0"/>
        <line num="293" type="stmt" count="0"/>
        <line num="294" type="stmt" count="0"/>
        <line num="296" type="stmt" count="0"/>
        <line num="297" type="stmt" count="0"/>
        <line num="298" type="stmt" count="0"/>
        <line num="309" type="method" name="suspend" visibility="public" complexity="5" crap="30" count="0"/>
        <line num="311" type="stmt" count="0"/>
        <line num="313" type="stmt" count="0"/>
        <line num="314" type="stmt" count="0"/>
        <line num="315" type="stmt" count="0"/>
        <line num="316" type="stmt" count="0"/>
        <line num="317" type="stmt" count="0"/>
        <line num="318" type="stmt" count="0"/>
        <line num="322" type="stmt" count="0"/>
        <line num="324" type="stmt" count="0"/>
        <line num="325" type="stmt" count="0"/>
        <line num="326" type="stmt" count="0"/>
        <line num="327" type="stmt" count="0"/>
        <line num="328" type="stmt" count="0"/>
        <line num="329" type="stmt" count="0"/>
        <line num="330" type="stmt" count="0"/>
        <line num="332" type="stmt" count="0"/>
        <line num="333" type="stmt" count="0"/>
        <line num="334" type="stmt" count="0"/>
        <line num="335" type="stmt" count="0"/>
        <line num="336" type="stmt" count="0"/>
        <line num="338" type="stmt" count="0"/>
        <line num="339" type="stmt" count="0"/>
        <line num="340" type="stmt" count="0"/>
        <line num="351" type="method" name="build" visibility="public" complexity="6" crap="42" count="0"/>
        <line num="353" type="stmt" count="0"/>
        <line num="355" type="stmt" count="0"/>
        <line num="357" type="stmt" count="0"/>
        <line num="358" type="stmt" count="0"/>
        <line num="362" type="stmt" count="0"/>
        <line num="363" type="stmt" count="0"/>
        <line num="364" type="stmt" count="0"/>
        <line num="367" type="stmt" count="0"/>
        <line num="368" type="stmt" count="0"/>
        <line num="369" type="stmt" count="0"/>
        <line num="370" type="stmt" count="0"/>
        <line num="371" type="stmt" count="0"/>
        <line num="372" type="stmt" count="0"/>
        <line num="373" type="stmt" count="0"/>
        <line num="374" type="stmt" count="0"/>
        <line num="375" type="stmt" count="0"/>
        <line num="376" type="stmt" count="0"/>
        <line num="377" type="stmt" count="0"/>
        <line num="379" type="stmt" count="0"/>
        <line num="380" type="stmt" count="0"/>
        <line num="381" type="stmt" count="0"/>
        <line num="382" type="stmt" count="0"/>
        <line num="383" type="stmt" count="0"/>
        <line num="385" type="stmt" count="0"/>
        <line num="386" type="stmt" count="0"/>
        <line num="387" type="stmt" count="0"/>
        <line num="398" type="method" name="startup" visibility="public" complexity="5" crap="30" count="0"/>
        <line num="400" type="stmt" count="0"/>
        <line num="402" type="stmt" count="0"/>
        <line num="404" type="stmt" count="0"/>
        <line num="406" type="stmt" count="0"/>
        <line num="407" type="stmt" count="0"/>
        <line num="408" type="stmt" count="0"/>
        <line num="409" type="stmt" count="0"/>
        <line num="410" type="stmt" count="0"/>
        <line num="411" type="stmt" count="0"/>
        <line num="412" type="stmt" count="0"/>
        <line num="413" type="stmt" count="0"/>
        <line num="414" type="stmt" count="0"/>
        <line num="415" type="stmt" count="0"/>
        <line num="416" type="stmt" count="0"/>
        <line num="418" type="stmt" count="0"/>
        <line num="419" type="stmt" count="0"/>
        <line num="420" type="stmt" count="0"/>
        <line num="421" type="stmt" count="0"/>
        <line num="422" type="stmt" count="0"/>
        <line num="424" type="stmt" count="0"/>
        <line num="425" type="stmt" count="0"/>
        <line num="426" type="stmt" count="0"/>
        <metrics loc="429" ncloc="332" classes="1" methods="11" coveredmethods="0" conditionals="0" coveredconditionals="0" statements="198" coveredstatements="0" elements="209" coveredelements="0"/>
      </file>
      <file name="/var/www/pterodactyl.app/app/Http/Controllers/API/Admin/ServiceController.php">
        <class name="ServiceController" namespace="Pterodactyl\Http\Controllers\API\Admin">
          <metrics complexity="3" methods="2" coveredmethods="0" conditionals="0" coveredconditionals="0" statements="14" coveredstatements="0" elements="16" coveredelements="0"/>
        </class>
        <line num="41" type="method" name="index" visibility="public" complexity="1" crap="2" count="0"/>
        <line num="43" type="stmt" count="0"/>
        <line num="45" type="stmt" count="0"/>
        <line num="46" type="stmt" count="0"/>
        <line num="47" type="stmt" count="0"/>
        <line num="48" type="stmt" count="0"/>
        <line num="49" type="stmt" count="0"/>
        <line num="59" type="method" name="view" visibility="public" complexity="2" crap="6" count="0"/>
        <line num="61" type="stmt" count="0"/>
        <line num="63" type="stmt" count="0"/>
        <line num="64" type="stmt" count="0"/>
        <line num="66" type="stmt" count="0"/>
        <line num="67" type="stmt" count="0"/>
        <line num="70" type="stmt" count="0"/>
        <line num="71" type="stmt" count="0"/>
        <line num="72" type="stmt" count="0"/>
        <metrics loc="74" ncloc="39" classes="1" methods="2" coveredmethods="0" conditionals="0" coveredconditionals="0" statements="14" coveredstatements="0" elements="16" coveredelements="0"/>
      </file>
      <file name="/var/www/pterodactyl.app/app/Http/Controllers/API/Admin/UserController.php">
        <class name="UserController" namespace="Pterodactyl\Http\Controllers\API\Admin">
          <metrics complexity="16" methods="5" coveredmethods="0" conditionals="0" coveredconditionals="0" statements="63" coveredstatements="0" elements="68" coveredelements="0"/>
        </class>
        <line num="46" type="method" name="index" visibility="public" complexity="3" crap="12" count="0"/>
        <line num="48" type="stmt" count="0"/>
        <line num="50" type="stmt" count="0"/>
        <line num="51" type="stmt" count="0"/>
        <line num="52" type="stmt" count="0"/>
        <line num="53" type="stmt" count="0"/>
        <line num="54" type="stmt" count="0"/>
        <line num="56" type="stmt" count="0"/>
        <line num="57" type="stmt" count="0"/>
        <line num="60" type="stmt" count="0"/>
        <line num="70" type="method" name="view" visibility="public" complexity="2" crap="6" count="0"/>
        <line num="72" type="stmt" count="0"/>
        <line num="74" type="stmt" count="0"/>
        <line num="75" type="stmt" count="0"/>
        <line num="76" type="stmt" count="0"/>
        <line num="79" type="stmt" count="0"/>
        <line num="80" type="stmt" count="0"/>
        <line num="81" type="stmt" count="0"/>
        <line num="90" type="method" name="store" visibility="public" complexity="4" crap="20" count="0"/>
        <line num="92" type="stmt" count="0"/>
        <line num="94" type="stmt" count="0"/>
        <line num="96" type="stmt" count="0"/>
        <line num="97" type="stmt" count="0"/>
        <line num="101" type="stmt" count="0"/>
        <line num="102" type="stmt" count="0"/>
        <line num="103" type="stmt" count="0"/>
        <line num="106" type="stmt" count="0"/>
        <line num="107" type="stmt" count="0"/>
        <line num="108" type="stmt" count="0"/>
        <line num="109" type="stmt" count="0"/>
        <line num="110" type="stmt" count="0"/>
        <line num="111" type="stmt" count="0"/>
        <line num="112" type="stmt" count="0"/>
        <line num="114" type="stmt" count="0"/>
        <line num="115" type="stmt" count="0"/>
        <line num="116" type="stmt" count="0"/>
        <line num="127" type="method" name="update" visibility="public" complexity="4" crap="20" count="0"/>
        <line num="129" type="stmt" count="0"/>
        <line num="131" type="stmt" count="0"/>
        <line num="133" type="stmt" count="0"/>
        <line num="134" type="stmt" count="0"/>
        <line num="138" type="stmt" count="0"/>
        <line num="139" type="stmt" count="0"/>
        <line num="140" type="stmt" count="0"/>
        <line num="143" type="stmt" count="0"/>
        <line num="144" type="stmt" count="0"/>
        <line num="145" type="stmt" count="0"/>
        <line num="146" type="stmt" count="0"/>
        <line num="147" type="stmt" count="0"/>
        <line num="148" type="stmt" count="0"/>
        <line num="149" type="stmt" count="0"/>
        <line num="151" type="stmt" count="0"/>
        <line num="152" type="stmt" count="0"/>
        <line num="153" type="stmt" count="0"/>
        <line num="164" type="method" name="delete" visibility="public" complexity="3" crap="12" count="0"/>
        <line num="166" type="stmt" count="0"/>
        <line num="168" type="stmt" count="0"/>
        <line num="170" type="stmt" count="0"/>
        <line num="172" type="stmt" count="0"/>
        <line num="173" type="stmt" count="0"/>
        <line num="174" type="stmt" count="0"/>
        <line num="175" type="stmt" count="0"/>
        <line num="176" type="stmt" count="0"/>
        <line num="177" type="stmt" count="0"/>
        <line num="178" type="stmt" count="0"/>
        <line num="180" type="stmt" count="0"/>
        <line num="181" type="stmt" count="0"/>
        <line num="182" type="stmt" count="0"/>
        <metrics loc="185" ncloc="130" classes="1" methods="5" coveredmethods="0" conditionals="0" coveredconditionals="0" statements="63" coveredstatements="0" elements="68" coveredelements="0"/>
      </file>
    </package>
    <package name="Pterodactyl\Http\Controllers\API\User">
      <file name="/var/www/pterodactyl.app/app/Http/Controllers/API/User/CoreController.php">
        <class name="CoreController" namespace="Pterodactyl\Http\Controllers\API\User">
          <metrics complexity="1" methods="1" coveredmethods="0" conditionals="0" coveredconditionals="0" statements="6" coveredstatements="0" elements="7" coveredelements="0"/>
        </class>
        <line num="40" type="method" name="index" visibility="public" complexity="1" crap="2" count="0"/>
        <line num="42" type="stmt" count="0"/>
        <line num="44" type="stmt" count="0"/>
        <line num="46" type="stmt" count="0"/>
        <line num="47" type="stmt" count="0"/>
        <line num="48" type="stmt" count="0"/>
        <line num="49" type="stmt" count="0"/>
        <metrics loc="51" ncloc="23" classes="1" methods="1" coveredmethods="0" conditionals="0" coveredconditionals="0" statements="6" coveredstatements="0" elements="7" coveredelements="0"/>
      </file>
      <file name="/var/www/pterodactyl.app/app/Http/Controllers/API/User/ServerController.php">
        <class name="ServerController" namespace="Pterodactyl\Http\Controllers\API\User">
          <metrics complexity="4" methods="3" coveredmethods="0" conditionals="0" coveredconditionals="0" statements="20" coveredstatements="0" elements="23" coveredelements="0"/>
        </class>
        <line num="44" type="method" name="index" visibility="public" complexity="2" crap="6" count="0"/>
        <line num="46" type="stmt" count="0"/>
        <line num="48" type="stmt" count="0"/>
        <line num="49" type="stmt" count="0"/>
        <line num="51" type="stmt" count="0"/>
        <line num="52" type="stmt" count="0"/>
        <line num="55" type="stmt" count="0"/>
        <line num="56" type="stmt" count="0"/>
        <line num="57" type="stmt" count="0"/>
        <line num="67" type="method" name="power" visibility="public" complexity="1" crap="2" count="0"/>
        <line num="69" type="stmt" count="0"/>
        <line num="71" type="stmt" count="0"/>
        <line num="72" type="stmt" count="0"/>
        <line num="74" type="stmt" count="0"/>
        <line num="75" type="stmt" count="0"/>
        <line num="77" type="stmt" count="0"/>
        <line num="87" type="method" name="command" visibility="public" complexity="1" crap="2" count="0"/>
        <line num="89" type="stmt" count="0"/>
        <line num="91" type="stmt" count="0"/>
        <line num="92" type="stmt" count="0"/>
        <line num="94" type="stmt" count="0"/>
        <line num="95" type="stmt" count="0"/>
        <line num="97" type="stmt" count="0"/>
        <metrics loc="99" ncloc="56" classes="1" methods="3" coveredmethods="0" conditionals="0" coveredconditionals="0" statements="20" coveredstatements="0" elements="23" coveredelements="0"/>
      </file>
    </package>
    <package name="Pterodactyl\Http\Controllers\Admin">
      <file name="/var/www/pterodactyl.app/app/Http/Controllers/Admin/BaseController.php">
        <class name="BaseController" namespace="Pterodactyl\Http\Controllers\Admin">
          <metrics complexity="4" methods="3" coveredmethods="0" conditionals="0" coveredconditionals="0" statements="9" coveredstatements="0" elements="12" coveredelements="0"/>
        </class>
        <line num="41" type="method" name="getIndex" visibility="public" complexity="1" crap="2" count="0"/>
        <line num="43" type="stmt" count="0"/>
        <line num="52" type="method" name="getSettings" visibility="public" complexity="1" crap="2" count="0"/>
        <line num="54" type="stmt" count="0"/>
        <line num="63" type="method" name="postSettings" visibility="public" complexity="2" crap="6" count="0"/>
        <line num="65" type="stmt" count="0"/>
        <line num="66" type="stmt" count="0"/>
        <line num="70" type="stmt" count="0"/>
        <line num="71" type="stmt" count="0"/>
        <line num="74" type="stmt" count="0"/>
        <line num="77" type="stmt" count="0"/>
        <line num="79" type="stmt" count="0"/>
        <metrics loc="81" ncloc="37" classes="1" methods="3" coveredmethods="0" conditionals="0" coveredconditionals="0" statements="9" coveredstatements="0" elements="12" coveredelements="0"/>
      </file>
      <file name="/var/www/pterodactyl.app/app/Http/Controllers/Admin/DatabaseController.php">
        <class name="DatabaseController" namespace="Pterodactyl\Http\Controllers\Admin">
          <metrics complexity="12" methods="4" coveredmethods="0" conditionals="0" coveredconditionals="0" statements="36" coveredstatements="0" elements="40" coveredelements="0"/>
        </class>
        <line num="46" type="method" name="index" visibility="public" complexity="1" crap="2" count="0"/>
        <line num="48" type="stmt" count="0"/>
        <line num="49" type="stmt" count="0"/>
        <line num="50" type="stmt" count="0"/>
        <line num="61" type="method" name="view" visibility="public" complexity="1" crap="2" count="0"/>
        <line num="63" type="stmt" count="0"/>
        <line num="64" type="stmt" count="0"/>
        <line num="65" type="stmt" count="0"/>
        <line num="75" type="method" name="create" visibility="public" complexity="4" crap="20" count="0"/>
        <line num="77" type="stmt" count="0"/>
        <line num="80" type="stmt" count="0"/>
        <line num="81" type="stmt" count="0"/>
        <line num="84" type="stmt" count="0"/>
        <line num="86" type="stmt" count="0"/>
        <line num="87" type="stmt" count="0"/>
        <line num="88" type="stmt" count="0"/>
        <line num="89" type="stmt" count="0"/>
        <line num="90" type="stmt" count="0"/>
        <line num="91" type="stmt" count="0"/>
        <line num="92" type="stmt" count="0"/>
        <line num="93" type="stmt" count="0"/>
        <line num="96" type="stmt" count="0"/>
        <line num="106" type="method" name="update" visibility="public" complexity="6" crap="42" count="0"/>
        <line num="108" type="stmt" count="0"/>
        <line num="111" type="stmt" count="0"/>
        <line num="112" type="stmt" count="0"/>
        <line num="113" type="stmt" count="0"/>
        <line num="116" type="stmt" count="0"/>
        <line num="118" type="stmt" count="0"/>
        <line num="120" type="stmt" count="0"/>
        <line num="122" type="stmt" count="0"/>
        <line num="123" type="stmt" count="0"/>
        <line num="124" type="stmt" count="0"/>
        <line num="125" type="stmt" count="0"/>
        <line num="126" type="stmt" count="0"/>
        <line num="127" type="stmt" count="0"/>
        <line num="128" type="stmt" count="0"/>
        <line num="129" type="stmt" count="0"/>
        <line num="130" type="stmt" count="0"/>
        <line num="133" type="stmt" count="0"/>
        <metrics loc="135" ncloc="87" classes="1" methods="4" coveredmethods="0" conditionals="0" coveredconditionals="0" statements="36" coveredstatements="0" elements="40" coveredelements="0"/>
      </file>
      <file name="/var/www/pterodactyl.app/app/Http/Controllers/Admin/LocationController.php">
        <class name="LocationController" namespace="Pterodactyl\Http\Controllers\Admin">
          <metrics complexity="8" methods="6" coveredmethods="0" conditionals="0" coveredconditionals="0" statements="21" coveredstatements="0" elements="27" coveredelements="0"/>
        </class>
        <line num="58" type="method" name="__construct" visibility="public" complexity="1" crap="2" count="0"/>
        <line num="60" type="stmt" count="0"/>
        <line num="61" type="stmt" count="0"/>
        <line num="62" type="stmt" count="0"/>
        <line num="63" type="stmt" count="0"/>
        <line num="70" type="method" name="index" visibility="public" complexity="1" crap="2" count="0"/>
        <line num="72" type="stmt" count="0"/>
        <line num="73" type="stmt" count="0"/>
        <line num="83" type="method" name="view" visibility="public" complexity="1" crap="2" count="0"/>
        <line num="85" type="stmt" count="0"/>
        <line num="87" type="stmt" count="0"/>
        <line num="99" type="method" name="create" visibility="public" complexity="1" crap="2" count="0"/>
        <line num="101" type="stmt" count="0"/>
        <line num="102" type="stmt" count="0"/>
        <line num="104" type="stmt" count="0"/>
        <line num="117" type="method" name="update" visibility="public" complexity="2" crap="6" count="0"/>
        <line num="119" type="stmt" count="0"/>
        <line num="120" type="stmt" count="0"/>
        <line num="123" type="stmt" count="0"/>
        <line num="124" type="stmt" count="0"/>
        <line num="126" type="stmt" count="0"/>
        <line num="138" type="method" name="delete" visibility="public" complexity="2" crap="6" count="0"/>
        <line num="141" type="stmt" count="0"/>
        <line num="143" type="stmt" count="0"/>
        <line num="144" type="stmt" count="0"/>
        <line num="145" type="stmt" count="0"/>
        <line num="148" type="stmt" count="0"/>
        <metrics loc="150" ncloc="73" classes="1" methods="6" coveredmethods="0" conditionals="0" coveredconditionals="0" statements="21" coveredstatements="0" elements="27" coveredelements="0"/>
      </file>
      <file name="/var/www/pterodactyl.app/app/Http/Controllers/Admin/NodesController.php">
        <class name="NodesController" namespace="Pterodactyl\Http\Controllers\Admin">
          <metrics complexity="40" methods="16" coveredmethods="0" conditionals="0" coveredconditionals="0" statements="113" coveredstatements="0" elements="129" coveredelements="0"/>
        </class>
        <line num="47" type="method" name="index" visibility="public" complexity="2" crap="6" count="0"/>
        <line num="49" type="stmt" count="0"/>
        <line num="51" type="stmt" count="0"/>
        <line num="52" type="stmt" count="0"/>
        <line num="55" type="stmt" count="0"/>
        <line num="64" type="method" name="create" visibility="public" complexity="2" crap="6" count="0"/>
        <line num="66" type="stmt" count="0"/>
        <line num="67" type="stmt" count="0"/>
        <line num="68" type="stmt" count="0"/>
        <line num="70" type="stmt" count="0"/>
        <line num="73" type="stmt" count="0"/>
        <line num="82" type="method" name="store" visibility="public" complexity="4" crap="20" count="0"/>
        <line num="85" type="stmt" count="0"/>
        <line num="86" type="stmt" count="0"/>
        <line num="87" type="stmt" count="0"/>
        <line num="88" type="stmt" count="0"/>
        <line num="91" type="stmt" count="0"/>
        <line num="92" type="stmt" count="0"/>
        <line num="97" type="stmt" count="0"/>
        <line num="99" type="stmt" count="0"/>
        <line num="100" type="stmt" count="0"/>
        <line num="101" type="stmt" count="0"/>
        <line num="102" type="stmt" count="0"/>
        <line num="103" type="stmt" count="0"/>
        <line num="104" type="stmt" count="0"/>
        <line num="105" type="stmt" count="0"/>
        <line num="106" type="stmt" count="0"/>
        <line num="109" type="stmt" count="0"/>
        <line num="119" type="method" name="viewIndex" visibility="public" complexity="4" crap="20" count="0"/>
        <line num="121" type="stmt" count="0"/>
        <line num="122" type="stmt" count="0"/>
        <line num="123" type="stmt" count="0"/>
        <line num="124" type="stmt" count="0"/>
        <line num="125" type="stmt" count="0"/>
[...]
        <line num="84" type="stmt" count="0"/>
        <line num="85" type="stmt" count="0"/>
        <line num="88" type="stmt" count="0"/>
        <line num="96" type="method" name="includePacks" visibility="public" complexity="3" crap="12" count="0"/>
        <line num="98" type="stmt" count="0"/>
        <line num="99" type="stmt" count="0"/>
        <line num="102" type="stmt" count="0"/>
        <line num="110" type="method" name="includeServers" visibility="public" complexity="3" crap="12" count="0"/>
        <line num="112" type="stmt" count="0"/>
        <line num="113" type="stmt" count="0"/>
        <line num="116" type="stmt" count="0"/>
        <line num="124" type="method" name="includeVariables" visibility="public" complexity="3" crap="12" count="0"/>
        <line num="126" type="stmt" count="0"/>
        <line num="127" type="stmt" count="0"/>
        <line num="130" type="stmt" count="0"/>
        <metrics loc="132" ncloc="69" classes="1" methods="6" coveredmethods="0" conditionals="0" coveredconditionals="0" statements="17" coveredstatements="0" elements="23" coveredelements="0"/>
      </file>
      <file name="/var/www/pterodactyl.app/app/Transformers/Admin/PackTransformer.php">
        <class name="PackTransformer" namespace="Pterodactyl\Transformers\Admin">
          <metrics complexity="11" methods="4" coveredmethods="0" conditionals="0" coveredconditionals="0" statements="13" coveredstatements="0" elements="17" coveredelements="0"/>
        </class>
        <line num="56" type="method" name="__construct" visibility="public" complexity="3" crap="12" count="0"/>
        <line num="58" type="stmt" count="0"/>
        <line num="59" type="stmt" count="0"/>
        <line num="62" type="stmt" count="0"/>
        <line num="63" type="stmt" count="0"/>
        <line num="70" type="method" name="transform" visibility="public" complexity="2" crap="6" count="0"/>
        <line num="72" type="stmt" count="0"/>
        <line num="73" type="stmt" count="0"/>
        <line num="76" type="stmt" count="0"/>
        <line num="84" type="method" name="includeOption" visibility="public" complexity="3" crap="12" count="0"/>
        <line num="86" type="stmt" count="0"/>
        <line num="87" type="stmt" count="0"/>
        <line num="90" type="stmt" count="0"/>
        <line num="98" type="method" name="includeServers" visibility="public" complexity="3" crap="12" count="0"/>
        <line num="100" type="stmt" count="0"/>
        <line num="101" type="stmt" count="0"/>
        <line num="104" type="stmt" count="0"/>
        <metrics loc="106" ncloc="53" classes="1" methods="4" coveredmethods="0" conditionals="0" coveredconditionals="0" statements="13" coveredstatements="0" elements="17" coveredelements="0"/>
      </file>
      <file name="/var/www/pterodactyl.app/app/Transformers/Admin/ServerTransformer.php">
        <class name="ServerTransformer" namespace="Pterodactyl\Transformers\Admin">
          <metrics complexity="31" methods="11" coveredmethods="0" conditionals="0" coveredconditionals="0" statements="32" coveredstatements="0" elements="43" coveredelements="0"/>
        </class>
        <line num="63" type="method" name="__construct" visibility="public" complexity="3" crap="12" count="0"/>
        <line num="65" type="stmt" count="0"/>
        <line num="66" type="stmt" count="0"/>
        <line num="69" type="stmt" count="0"/>
        <line num="70" type="stmt" count="0"/>
        <line num="77" type="method" name="transform" visibility="public" complexity="1" crap="2" count="0"/>
        <line num="79" type="stmt" count="0"/>
        <line num="87" type="method" name="includeAllocations" visibility="public" complexity="3" crap="12" count="0"/>
        <line num="89" type="stmt" count="0"/>
        <line num="90" type="stmt" count="0"/>
        <line num="93" type="stmt" count="0"/>
        <line num="101" type="method" name="includeSubusers" visibility="public" complexity="3" crap="12" count="0"/>
        <line num="103" type="stmt" count="0"/>
        <line num="104" type="stmt" count="0"/>
        <line num="107" type="stmt" count="0"/>
        <line num="115" type="method" name="includeUser" visibility="public" complexity="3" crap="12" count="0"/>
        <line num="117" type="stmt" count="0"/>
        <line num="118" type="stmt" count="0"/>
        <line num="121" type="stmt" count="0"/>
        <line num="129" type="method" name="includePack" visibility="public" complexity="3" crap="12" count="0"/>
        <line num="131" type="stmt" count="0"/>
        <line num="132" type="stmt" count="0"/>
        <line num="135" type="stmt" count="0"/>
        <line num="143" type="method" name="includeService" visibility="public" complexity="3" crap="12" count="0"/>
        <line num="145" type="stmt" count="0"/>
        <line num="146" type="stmt" count="0"/>
        <line num="149" type="stmt" count="0"/>
        <line num="157" type="method" name="includeOption" visibility="public" complexity="3" crap="12" count="0"/>
        <line num="159" type="stmt" count="0"/>
        <line num="160" type="stmt" count="0"/>
        <line num="163" type="stmt" count="0"/>
        <line num="171" type="method" name="includeVariables" visibility="public" complexity="3" crap="12" count="0"/>
        <line num="173" type="stmt" count="0"/>
        <line num="174" type="stmt" count="0"/>
        <line num="177" type="stmt" count="0"/>
        <line num="185" type="method" name="includeLocation" visibility="public" complexity="3" crap="12" count="0"/>
        <line num="187" type="stmt" count="0"/>
        <line num="188" type="stmt" count="0"/>
        <line num="191" type="stmt" count="0"/>
        <line num="199" type="method" name="includeNode" visibility="public" complexity="3" crap="12" count="0"/>
        <line num="201" type="stmt" count="0"/>
        <line num="202" type="stmt" count="0"/>
        <line num="205" type="stmt" count="0"/>
        <metrics loc="207" ncloc="119" classes="1" methods="11" coveredmethods="0" conditionals="0" coveredconditionals="0" statements="32" coveredstatements="0" elements="43" coveredelements="0"/>
      </file>
      <file name="/var/www/pterodactyl.app/app/Transformers/Admin/ServerVariableTransformer.php">
        <class name="ServerVariableTransformer" namespace="Pterodactyl\Transformers\Admin">
          <metrics complexity="7" methods="3" coveredmethods="0" conditionals="0" coveredconditionals="0" statements="8" coveredstatements="0" elements="11" coveredelements="0"/>
        </class>
        <line num="53" type="method" name="__construct" visibility="public" complexity="3" crap="12" count="0"/>
        <line num="55" type="stmt" count="0"/>
        <line num="56" type="stmt" count="0"/>
        <line num="59" type="stmt" count="0"/>
        <line num="60" type="stmt" count="0"/>
        <line num="67" type="method" name="transform" visibility="public" complexity="1" crap="2" count="0"/>
        <line num="69" type="stmt" count="0"/>
        <line num="77" type="method" name="includeParent" visibility="public" complexity="3" crap="12" count="0"/>
        <line num="79" type="stmt" count="0"/>
        <line num="80" type="stmt" count="0"/>
        <line num="83" type="stmt" count="0"/>
        <metrics loc="85" ncloc="37" classes="1" methods="3" coveredmethods="0" conditionals="0" coveredconditionals="0" statements="8" coveredstatements="0" elements="11" coveredelements="0"/>
      </file>
      <file name="/var/www/pterodactyl.app/app/Transformers/Admin/ServiceTransformer.php">
        <class name="ServiceTransformer" namespace="Pterodactyl\Transformers\Admin">
          <metrics complexity="13" methods="5" coveredmethods="0" conditionals="0" coveredconditionals="0" statements="14" coveredstatements="0" elements="19" coveredelements="0"/>
        </class>
        <line num="57" type="method" name="__construct" visibility="public" complexity="3" crap="12" count="0"/>
        <line num="59" type="stmt" count="0"/>
        <line num="60" type="stmt" count="0"/>
        <line num="63" type="stmt" count="0"/>
        <line num="64" type="stmt" count="0"/>
        <line num="71" type="method" name="transform" visibility="public" complexity="1" crap="2" count="0"/>
        <line num="73" type="stmt" count="0"/>
        <line num="81" type="method" name="includeOptions" visibility="public" complexity="3" crap="12" count="0"/>
        <line num="83" type="stmt" count="0"/>
        <line num="84" type="stmt" count="0"/>
        <line num="87" type="stmt" count="0"/>
        <line num="95" type="method" name="includeServers" visibility="public" complexity="3" crap="12" count="0"/>
        <line num="97" type="stmt" count="0"/>
        <line num="98" type="stmt" count="0"/>
        <line num="101" type="stmt" count="0"/>
        <line num="109" type="method" name="includePacks" visibility="public" complexity="3" crap="12" count="0"/>
        <line num="111" type="stmt" count="0"/>
        <line num="112" type="stmt" count="0"/>
        <line num="115" type="stmt" count="0"/>
        <metrics loc="117" ncloc="59" classes="1" methods="5" coveredmethods="0" conditionals="0" coveredconditionals="0" statements="14" coveredstatements="0" elements="19" coveredelements="0"/>
      </file>
      <file name="/var/www/pterodactyl.app/app/Transformers/Admin/ServiceVariableTransformer.php">
        <class name="ServiceVariableTransformer" namespace="Pterodactyl\Transformers\Admin">
          <metrics complexity="7" methods="3" coveredmethods="0" conditionals="0" coveredconditionals="0" statements="8" coveredstatements="0" elements="11" coveredelements="0"/>
        </class>
        <line num="53" type="method" name="__construct" visibility="public" complexity="3" crap="12" count="0"/>
        <line num="55" type="stmt" count="0"/>
        <line num="56" type="stmt" count="0"/>
        <line num="59" type="stmt" count="0"/>
        <line num="60" type="stmt" count="0"/>
        <line num="67" type="method" name="transform" visibility="public" complexity="1" crap="2" count="0"/>
        <line num="69" type="stmt" count="0"/>
        <line num="77" type="method" name="includeVariables" visibility="public" complexity="3" crap="12" count="0"/>
        <line num="79" type="stmt" count="0"/>
        <line num="80" type="stmt" count="0"/>
        <line num="83" type="stmt" count="0"/>
        <metrics loc="85" ncloc="37" classes="1" methods="3" coveredmethods="0" conditionals="0" coveredconditionals="0" statements="8" coveredstatements="0" elements="11" coveredelements="0"/>
      </file>
      <file name="/var/www/pterodactyl.app/app/Transformers/Admin/SubuserTransformer.php">
        <class name="SubuserTransformer" namespace="Pterodactyl\Transformers\Admin">
          <metrics complexity="6" methods="2" coveredmethods="0" conditionals="0" coveredconditionals="0" statements="13" coveredstatements="0" elements="15" coveredelements="0"/>
        </class>
        <line num="47" type="method" name="__construct" visibility="public" complexity="3" crap="12" count="0"/>
        <line num="49" type="stmt" count="0"/>
        <line num="50" type="stmt" count="0"/>
        <line num="53" type="stmt" count="0"/>
        <line num="54" type="stmt" count="0"/>
        <line num="61" type="method" name="transform" visibility="public" complexity="3" crap="12" count="0"/>
        <line num="63" type="stmt" count="0"/>
        <line num="64" type="stmt" count="0"/>
        <line num="68" type="stmt" count="0"/>
        <line num="69" type="stmt" count="0"/>
        <line num="70" type="stmt" count="0"/>
        <line num="71" type="stmt" count="0"/>
        <line num="72" type="stmt" count="0"/>
        <line num="73" type="stmt" count="0"/>
        <line num="74" type="stmt" count="0"/>
        <metrics loc="77" ncloc="39" classes="1" methods="2" coveredmethods="0" conditionals="0" coveredconditionals="0" statements="13" coveredstatements="0" elements="15" coveredelements="0"/>
      </file>
      <file name="/var/www/pterodactyl.app/app/Transformers/Admin/UserTransformer.php">
        <class name="UserTransformer" namespace="Pterodactyl\Transformers\Admin">
          <metrics complexity="10" methods="4" coveredmethods="0" conditionals="0" coveredconditionals="0" statements="11" coveredstatements="0" elements="15" coveredelements="0"/>
        </class>
        <line num="56" type="method" name="__construct" visibility="public" complexity="3" crap="12" count="0"/>
        <line num="58" type="stmt" count="0"/>
        <line num="59" type="stmt" count="0"/>
        <line num="62" type="stmt" count="0"/>
        <line num="63" type="stmt" count="0"/>
        <line num="70" type="method" name="transform" visibility="public" complexity="1" crap="2" count="0"/>
        <line num="72" type="stmt" count="0"/>
        <line num="80" type="method" name="includeServers" visibility="public" complexity="3" crap="12" count="0"/>
        <line num="82" type="stmt" count="0"/>
        <line num="83" type="stmt" count="0"/>
        <line num="86" type="stmt" count="0"/>
        <line num="94" type="method" name="includeAccess" visibility="public" complexity="3" crap="12" count="0"/>
        <line num="96" type="stmt" count="0"/>
        <line num="97" type="stmt" count="0"/>
        <line num="100" type="stmt" count="0"/>
        <metrics loc="102" ncloc="49" classes="1" methods="4" coveredmethods="0" conditionals="0" coveredconditionals="0" statements="11" coveredstatements="0" elements="15" coveredelements="0"/>
      </file>
    </package>
    <package name="Pterodactyl\Transformers\User">
      <file name="/var/www/pterodactyl.app/app/Transformers/User/AllocationTransformer.php">
        <class name="AllocationTransformer" namespace="Pterodactyl\Transformers\User">
          <metrics complexity="2" methods="2" coveredmethods="0" conditionals="0" coveredconditionals="0" statements="6" coveredstatements="0" elements="8" coveredelements="0"/>
        </class>
        <line num="45" type="method" name="__construct" visibility="public" complexity="1" crap="2" count="0"/>
        <line num="47" type="stmt" count="0"/>
        <line num="48" type="stmt" count="0"/>
        <line num="55" type="method" name="transform" visibility="public" complexity="1" crap="2" count="0"/>
        <line num="58" type="stmt" count="0"/>
        <line num="59" type="stmt" count="0"/>
        <line num="60" type="stmt" count="0"/>
        <line num="61" type="stmt" count="0"/>
        <metrics loc="64" ncloc="27" classes="1" methods="2" coveredmethods="0" conditionals="0" coveredconditionals="0" statements="6" coveredstatements="0" elements="8" coveredelements="0"/>
      </file>
      <file name="/var/www/pterodactyl.app/app/Transformers/User/OverviewTransformer.php">
        <class name="OverviewTransformer" namespace="Pterodactyl\Transformers\User">
          <metrics complexity="1" methods="1" coveredmethods="0" conditionals="0" coveredconditionals="0" statements="8" coveredstatements="0" elements="9" coveredelements="0"/>
        </class>
        <line num="37" type="method" name="transform" visibility="public" complexity="1" crap="2" count="0"/>
        <line num="40" type="stmt" count="0"/>
        <line num="41" type="stmt" count="0"/>
        <line num="42" type="stmt" count="0"/>
        <line num="43" type="stmt" count="0"/>
        <line num="44" type="stmt" count="0"/>
        <line num="45" type="stmt" count="0"/>
        <line num="46" type="stmt" count="0"/>
        <line num="47" type="stmt" count="0"/>
        <metrics loc="50" ncloc="23" classes="1" methods="1" coveredmethods="0" conditionals="0" coveredconditionals="0" statements="8" coveredstatements="0" elements="9" coveredelements="0"/>
      </file>
      <file name="/var/www/pterodactyl.app/app/Transformers/User/ServerTransformer.php">
        <class name="ServerTransformer" namespace="Pterodactyl\Transformers\User">
          <metrics complexity="4" methods="4" coveredmethods="0" conditionals="0" coveredconditionals="0" statements="16" coveredstatements="0" elements="20" coveredelements="0"/>
        </class>
        <line num="48" type="method" name="transform" visibility="public" complexity="1" crap="2" count="0"/>
        <line num="51" type="stmt" count="0"/>
        <line num="52" type="stmt" count="0"/>
        <line num="53" type="stmt" count="0"/>
        <line num="54" type="stmt" count="0"/>
        <line num="55" type="stmt" count="0"/>
        <line num="57" type="stmt" count="0"/>
        <line num="58" type="stmt" count="0"/>
        <line num="59" type="stmt" count="0"/>
        <line num="60" type="stmt" count="0"/>
        <line num="61" type="stmt" count="0"/>
        <line num="62" type="stmt" count="0"/>
        <line num="72" type="method" name="includeAllocations" visibility="public" complexity="1" crap="2" count="0"/>
        <line num="74" type="stmt" count="0"/>
        <line num="76" type="stmt" count="0"/>
        <line num="84" type="method" name="includeSubusers" visibility="public" complexity="1" crap="2" count="0"/>
        <line num="86" type="stmt" count="0"/>
        <line num="88" type="stmt" count="0"/>
        <line num="96" type="method" name="includeStats" visibility="public" complexity="1" crap="2" count="0"/>
        <line num="98" type="stmt" count="0"/>
        <metrics loc="100" ncloc="53" classes="1" methods="4" coveredmethods="0" conditionals="0" coveredconditionals="0" statements="16" coveredstatements="0" elements="20" coveredelements="0"/>
      </file>
      <file name="/var/www/pterodactyl.app/app/Transformers/User/StatsTransformer.php">
        <class name="StatsTransformer" namespace="Pterodactyl\Transformers\User">
          <metrics complexity="4" methods="1" coveredmethods="0" conditionals="0" coveredconditionals="0" statements="10" coveredstatements="0" elements="11" coveredelements="0"/>
        </class>
        <line num="38" type="method" name="transform" visibility="public" complexity="4" crap="20" count="0"/>
        <line num="41" type="stmt" count="0"/>
        <line num="43" type="stmt" count="0"/>
        <line num="45" type="stmt" count="0"/>
        <line num="49" type="stmt" count="0"/>
        <line num="52" type="stmt" count="0"/>
        <line num="53" type="stmt" count="0"/>
        <line num="54" type="stmt" count="0"/>
        <line num="56" type="stmt" count="0"/>
        <line num="58" type="stmt" count="0"/>
        <line num="59" type="stmt" count="0"/>
        <metrics loc="63" ncloc="36" classes="1" methods="1" coveredmethods="0" conditionals="0" coveredconditionals="0" statements="10" coveredstatements="0" elements="11" coveredelements="0"/>
      </file>
      <file name="/var/www/pterodactyl.app/app/Transformers/User/SubuserTransformer.php">
        <class name="SubuserTransformer" namespace="Pterodactyl\Transformers\User">
          <metrics complexity="1" methods="1" coveredmethods="0" conditionals="0" coveredconditionals="0" statements="5" coveredstatements="0" elements="6" coveredelements="0"/>
        </class>
        <line num="38" type="method" name="transform" visibility="public" complexity="1" crap="2" count="0"/>
        <line num="41" type="stmt" count="0"/>
        <line num="42" type="stmt" count="0"/>
        <line num="43" type="stmt" count="0"/>
        <line num="44" type="stmt" count="0"/>
        <line num="45" type="stmt" count="0"/>
        <metrics loc="48" ncloc="21" classes="1" methods="1" coveredmethods="0" conditionals="0" coveredconditionals="0" statements="5" coveredstatements="0" elements="6" coveredelements="0"/>
      </file>
    </package>
    <metrics files="177" loc="19882" ncloc="11286" classes="156" methods="582" coveredmethods="31" conditionals="0" coveredconditionals="0" statements="4100" coveredstatements="138" elements="4682" coveredelements="169"/>
  </project>
</coverage>
